<?xml version="1.0" encoding="UTF-8"?>
<!-- Generated by org.testng.reporters.JUnitReportReporter -->
<testsuite skipped="0" hostname="LAPTOP-7HUNRUID" name="uk.harrow.gov.testsuite.HomePageTest" tests="3" failures="0" timestamp="2020-04-19T19:41:49 BST" time="48.092" errors="0">
  <testcase name="verifyHarrowCouncilLogoIsDisplayed" time="15.726" classname="uk.harrow.gov.testsuite.HomePageTest"/>
  <system-out>
Displaying The Icon [[ChromeDriver: chrome on WINDOWS (0fed69428f5f0d678ed0a227822543e3)] -> xpath: //span[@class='icon icon-logo identity__logo-desktop']]<br>  </system-out>
  <testcase name="verifyLoginLinkIsDisplayed" time="16.693" classname="uk.harrow.gov.testsuite.HomePageTest"/>
  <system-out>
Displaying The Login Link [[ChromeDriver: chrome on WINDOWS (520fa0d3ac08793c149f9317adb758ae)] -> xpath: //span[@class='icon-fallback']]<br>  </system-out>
  <testcase name="verifyServicesLinkIsDisplayed" time="15.673" classname="uk.harrow.gov.testsuite.HomePageTest"/>
  <system-out>
Displaying Services Link [[ChromeDriver: chrome on WINDOWS (bff7d05a200f76cb4ec719cc34f13cf4)] -> xpath: //span[@class='button__text'][contains(text(),'Services')]]<br>  </system-out>
</testsuite> <!-- uk.harrow.gov.testsuite.HomePageTest -->
