<?xml version="1.0" encoding="UTF-8"?>
<!-- Generated by org.testng.reporters.JUnitReportReporter -->
<testsuite skipped="0" hostname="LAPTOP-7HUNRUID" name="uk.harrow.gov.testsuite.LoginTest" tests="1" failures="0" timestamp="2020-04-19T19:41:49 BST" time="28.647" errors="0">
  <testcase name="verifyUserIsAbleToNavigatetoLoginPage" time="28.647" classname="uk.harrow.gov.testsuite.LoginTest"/>
  <system-out>
Clicking on Login link : [[ChromeDriver: chrome on WINDOWS (8966d1995e814e3396f55a46311e2427)] -> xpath: //span[@class='icon-fallback']]<br> Displaying Welcome Guest Text [[ChromeDriver: chrome on WINDOWS (8966d1995e814e3396f55a46311e2427)] -> xpath: //li[@class='navbar-text myprofile_salutation']]<br> Getting Welcome Guest Text [[ChromeDriver: chrome on WINDOWS (8966d1995e814e3396f55a46311e2427)] -> xpath: //li[@class='navbar-text myprofile_salutation']]<br>  </system-out>
</testsuite> <!-- uk.harrow.gov.testsuite.LoginTest -->
